android/app/build/intermediates/manifest_merge_blame_file/release/manifest-merger-blame-release-report.txt
1<?xml version="1.0" encoding="utf-8"?>
2<manifest xmlns:android="http://schemas.android.com/apk/res/android"
3    package="com.example.mzadcom"
4    android:versionCode="1"
5    android:versionName="1.0.0" >
6
7    <uses-sdk
8        android:minSdkVersion="21"
8-->src\main\AndroidManifest.xml
9        android:targetSdkVersion="34" />
9-->src\main\AndroidManifest.xml
10
11    <uses-permission android:name="android.permission.USE_BIOMETRIC" />
11-->src\main\AndroidManifest.xml:2:5-71
11-->src\main\AndroidManifest.xml:2:22-69
12    <uses-permission android:name="android.permission.INTERNET" />
12-->src\main\AndroidManifest.xml:4:5-66
12-->src\main\AndroidManifest.xml:4:22-64
13    <uses-permission android:name="android.permission.WRITE_EXTERNAL_STORAGE" />
13-->src\main\AndroidManifest.xml:5:5-80
13-->src\main\AndroidManifest.xml:5:22-78
14    <uses-permission android:name="android.permission.ACCESS_FINE_LOCATION" />
14-->src\main\AndroidManifest.xml:6:5-78
14-->src\main\AndroidManifest.xml:6:22-76
15    <uses-permission android:name="android.permission.ACCESS_COARSE_LOCATION" />
15-->src\main\AndroidManifest.xml:7:5-80
15-->src\main\AndroidManifest.xml:7:22-78
16    <!--
17         Required to query activities that can process text, see:
18         https://developer.android.com/training/package-visibility and
19         https://developer.android.com/reference/android/content/Intent#ACTION_PROCESS_TEXT.
20
21         In particular, this is used by the Flutter engine in io.flutter.plugin.text.ProcessTextPlugin.
22    -->
23    <queries>
23-->src\main\AndroidManifest.xml:30:5-35:15
24        <intent>
24-->src\main\AndroidManifest.xml:31:9-34:18
25            <action android:name="android.intent.action.PROCESS_TEXT" />
25-->src\main\AndroidManifest.xml:32:13-72
25-->src\main\AndroidManifest.xml:32:21-70
26
27            <data android:mimeType="text/plain" />
27-->src\main\AndroidManifest.xml:33:13-50
27-->src\main\AndroidManifest.xml:33:19-48
28        </intent>
29        <intent>
29-->[:file_picker] AndroidManifest.xml:10:9-14:18
30            <action android:name="android.intent.action.GET_CONTENT" />
30-->[:file_picker] AndroidManifest.xml:11:13-72
30-->[:file_picker] AndroidManifest.xml:11:21-69
31
32            <data android:mimeType="*/*" />
32-->src\main\AndroidManifest.xml:33:13-50
32-->src\main\AndroidManifest.xml:33:19-48
33        </intent> <!-- Needs to be explicitly declared on Android R+ -->
34        <package android:name="com.google.android.apps.maps" />
34-->[com.google.android.gms:play-services-maps:18.2.0] AndroidManifest.xml:33:9-64
34-->[com.google.android.gms:play-services-maps:18.2.0] AndroidManifest.xml:33:18-61
35    </queries>
36    <!-- suppress DeprecatedClassUsageInspection -->
37    <uses-permission android:name="android.permission.USE_FINGERPRINT" />
37-->[androidx.biometric:biometric:1.1.0] AndroidManifest.xml:27:5-74
37-->[androidx.biometric:biometric:1.1.0] AndroidManifest.xml:27:22-71
38    <uses-permission android:name="android.permission.ACCESS_NETWORK_STATE" />
38-->[androidx.media3:media3-common:1.4.1] AndroidManifest.xml:22:5-79
38-->[androidx.media3:media3-common:1.4.1] AndroidManifest.xml:22:22-76
39
40    <uses-feature
40-->[com.google.android.gms:play-services-maps:18.2.0] AndroidManifest.xml:26:5-28:35
41        android:glEsVersion="0x00020000"
41-->[com.google.android.gms:play-services-maps:18.2.0] AndroidManifest.xml:27:9-41
42        android:required="true" />
42-->[com.google.android.gms:play-services-maps:18.2.0] AndroidManifest.xml:28:9-32
43
44    <permission
44-->[androidx.core:core:1.13.1] AndroidManifest.xml:22:5-24:47
45        android:name="com.example.mzadcom.DYNAMIC_RECEIVER_NOT_EXPORTED_PERMISSION"
45-->[androidx.core:core:1.13.1] AndroidManifest.xml:23:9-81
46        android:protectionLevel="signature" />
46-->[androidx.core:core:1.13.1] AndroidManifest.xml:24:9-44
47
48    <uses-permission android:name="com.example.mzadcom.DYNAMIC_RECEIVER_NOT_EXPORTED_PERMISSION" />
48-->[androidx.core:core:1.13.1] AndroidManifest.xml:26:5-97
48-->[androidx.core:core:1.13.1] AndroidManifest.xml:26:22-94
49
50    <application
51        android:name="android.app.Application"
51-->src\main\AndroidManifest.xml:9:42-75
52        android:appComponentFactory="androidx.core.app.CoreComponentFactory"
52-->[androidx.core:core:1.13.1] AndroidManifest.xml:28:18-86
53        android:icon="@mipmap/ic_launcher"
53-->src\main\AndroidManifest.xml:9:76-110
54        android:label="mzadcom" >
54-->src\main\AndroidManifest.xml:9:18-41
55        <activity
55-->src\main\AndroidManifest.xml:10:9-20:20
56            android:name="com.example.mzadcom.MainActivity"
56-->src\main\AndroidManifest.xml:10:19-47
57            android:configChanges="orientation|keyboardHidden|keyboard|screenSize|smallestScreenSize|locale|layoutDirection|fontScale|screenLayout|density|uiMode"
57-->src\main\AndroidManifest.xml:10:162-312
58            android:exported="true"
58-->src\main\AndroidManifest.xml:10:48-71
59            android:hardwareAccelerated="true"
59-->src\main\AndroidManifest.xml:10:313-347
60            android:launchMode="singleTop"
60-->src\main\AndroidManifest.xml:10:72-102
61            android:taskAffinity=""
61-->src\main\AndroidManifest.xml:10:103-126
62            android:theme="@style/LaunchTheme"
62-->src\main\AndroidManifest.xml:10:127-161
63            android:windowSoftInputMode="adjustResize" >
63-->src\main\AndroidManifest.xml:10:348-390
64
65            <!--
66                 Specifies an Android theme to apply to this Activity as soon as
67                 the Android process has started. This theme is visible to the user
68                 while the Flutter UI initializes. After that, this theme continues
69                 to determine the Window background behind the Flutter UI.
70            -->
71            <meta-data
71-->src\main\AndroidManifest.xml:15:13-120
72                android:name="io.flutter.embedding.android.NormalTheme"
72-->src\main\AndroidManifest.xml:15:24-79
73                android:resource="@style/NormalTheme" />
73-->src\main\AndroidManifest.xml:15:80-117
74
75            <intent-filter>
75-->src\main\AndroidManifest.xml:16:13-19:29
76                <action android:name="android.intent.action.MAIN" />
76-->src\main\AndroidManifest.xml:17:17-68
76-->src\main\AndroidManifest.xml:17:25-66
77
78                <category android:name="android.intent.category.LAUNCHER" />
78-->src\main\AndroidManifest.xml:18:17-76
78-->src\main\AndroidManifest.xml:18:27-74
79            </intent-filter>
80        </activity>
81        <!--
82             Don't delete the meta-data below.
83             This is used by the Flutter tool to generate GeneratedPluginRegistrant.java
84        -->
85        <meta-data
85-->src\main\AndroidManifest.xml:23:9-72
86            android:name="flutterEmbedding"
86-->src\main\AndroidManifest.xml:23:20-51
87            android:value="2" />
87-->src\main\AndroidManifest.xml:23:52-69
88
89        <uses-library
89-->[androidx.window:window:1.2.0] AndroidManifest.xml:23:9-25:40
90            android:name="androidx.window.extensions"
90-->[androidx.window:window:1.2.0] AndroidManifest.xml:24:13-54
91            android:required="false" />
91-->[androidx.window:window:1.2.0] AndroidManifest.xml:25:13-37
92        <uses-library
92-->[androidx.window:window:1.2.0] AndroidManifest.xml:26:9-28:40
93            android:name="androidx.window.sidecar"
93-->[androidx.window:window:1.2.0] AndroidManifest.xml:27:13-51
94            android:required="false" /> <!-- Needs to be explicitly declared on P+ -->
94-->[androidx.window:window:1.2.0] AndroidManifest.xml:28:13-37
95        <uses-library
95-->[com.google.android.gms:play-services-maps:18.2.0] AndroidManifest.xml:39:9-41:40
96            android:name="org.apache.http.legacy"
96-->[com.google.android.gms:play-services-maps:18.2.0] AndroidManifest.xml:40:13-50
97            android:required="false" />
97-->[com.google.android.gms:play-services-maps:18.2.0] AndroidManifest.xml:41:13-37
98
99        <activity
99-->[com.google.android.gms:play-services-base:18.0.1] AndroidManifest.xml:20:9-22:45
100            android:name="com.google.android.gms.common.api.GoogleApiActivity"
100-->[com.google.android.gms:play-services-base:18.0.1] AndroidManifest.xml:20:19-85
101            android:exported="false"
101-->[com.google.android.gms:play-services-base:18.0.1] AndroidManifest.xml:22:19-43
102            android:theme="@android:style/Theme.Translucent.NoTitleBar" />
102-->[com.google.android.gms:play-services-base:18.0.1] AndroidManifest.xml:21:19-78
103
104        <meta-data
104-->[com.google.android.gms:play-services-basement:18.0.0] AndroidManifest.xml:21:9-23:69
105            android:name="com.google.android.gms.version"
105-->[com.google.android.gms:play-services-basement:18.0.0] AndroidManifest.xml:22:13-58
106            android:value="@integer/google_play_services_version" />
106-->[com.google.android.gms:play-services-basement:18.0.0] AndroidManifest.xml:23:13-66
107
108        <provider
108-->[androidx.lifecycle:lifecycle-process:2.7.0] AndroidManifest.xml:24:9-32:20
109            android:name="androidx.startup.InitializationProvider"
109-->[androidx.lifecycle:lifecycle-process:2.7.0] AndroidManifest.xml:25:13-67
110            android:authorities="com.example.mzadcom.androidx-startup"
110-->[androidx.lifecycle:lifecycle-process:2.7.0] AndroidManifest.xml:26:13-68
111            android:exported="false" >
111-->[androidx.lifecycle:lifecycle-process:2.7.0] AndroidManifest.xml:27:13-37
112            <meta-data
112-->[androidx.lifecycle:lifecycle-process:2.7.0] AndroidManifest.xml:29:13-31:52
113                android:name="androidx.lifecycle.ProcessLifecycleInitializer"
113-->[androidx.lifecycle:lifecycle-process:2.7.0] AndroidManifest.xml:30:17-78
114                android:value="androidx.startup" />
114-->[androidx.lifecycle:lifecycle-process:2.7.0] AndroidManifest.xml:31:17-49
115            <meta-data
115-->[androidx.profileinstaller:profileinstaller:1.3.1] AndroidManifest.xml:29:13-31:52
116                android:name="androidx.profileinstaller.ProfileInstallerInitializer"
116-->[androidx.profileinstaller:profileinstaller:1.3.1] AndroidManifest.xml:30:17-85
117                android:value="androidx.startup" />
117-->[androidx.profileinstaller:profileinstaller:1.3.1] AndroidManifest.xml:31:17-49
118        </provider>
119
120        <receiver
120-->[androidx.profileinstaller:profileinstaller:1.3.1] AndroidManifest.xml:34:9-52:20
121            android:name="androidx.profileinstaller.ProfileInstallReceiver"
121-->[androidx.profileinstaller:profileinstaller:1.3.1] AndroidManifest.xml:35:13-76
122            android:directBootAware="false"
122-->[androidx.profileinstaller:profileinstaller:1.3.1] AndroidManifest.xml:36:13-44
123            android:enabled="true"
123-->[androidx.profileinstaller:profileinstaller:1.3.1] AndroidManifest.xml:37:13-35
124            android:exported="true"
124-->[androidx.profileinstaller:profileinstaller:1.3.1] AndroidManifest.xml:38:13-36
125            android:permission="android.permission.DUMP" >
125-->[androidx.profileinstaller:profileinstaller:1.3.1] AndroidManifest.xml:39:13-57
126            <intent-filter>
126-->[androidx.profileinstaller:profileinstaller:1.3.1] AndroidManifest.xml:40:13-42:29
127                <action android:name="androidx.profileinstaller.action.INSTALL_PROFILE" />
127-->[androidx.profileinstaller:profileinstaller:1.3.1] AndroidManifest.xml:41:17-91
127-->[androidx.profileinstaller:profileinstaller:1.3.1] AndroidManifest.xml:41:25-88
128            </intent-filter>
129            <intent-filter>
129-->[androidx.profileinstaller:profileinstaller:1.3.1] AndroidManifest.xml:43:13-45:29
130                <action android:name="androidx.profileinstaller.action.SKIP_FILE" />
130-->[androidx.profileinstaller:profileinstaller:1.3.1] AndroidManifest.xml:44:17-85
130-->[androidx.profileinstaller:profileinstaller:1.3.1] AndroidManifest.xml:44:25-82
131            </intent-filter>
132            <intent-filter>
132-->[androidx.profileinstaller:profileinstaller:1.3.1] AndroidManifest.xml:46:13-48:29
133                <action android:name="androidx.profileinstaller.action.SAVE_PROFILE" />
133-->[androidx.profileinstaller:profileinstaller:1.3.1] AndroidManifest.xml:47:17-88
133-->[androidx.profileinstaller:profileinstaller:1.3.1] AndroidManifest.xml:47:25-85
134            </intent-filter>
135            <intent-filter>
135-->[androidx.profileinstaller:profileinstaller:1.3.1] AndroidManifest.xml:49:13-51:29
136                <action android:name="androidx.profileinstaller.action.BENCHMARK_OPERATION" />
136-->[androidx.profileinstaller:profileinstaller:1.3.1] AndroidManifest.xml:50:17-95
136-->[androidx.profileinstaller:profileinstaller:1.3.1] AndroidManifest.xml:50:25-92
137            </intent-filter>
138        </receiver>
139    </application>
140
141</manifest>